g++ -I. -I/usr/include -I/usr/local/include   -Wall -Wno-sign-compare -O3 -c 3DColocNormalize.cc -o 3DColocNormalize.o
g++ -I. -I/usr/include -I/usr/local/include   -Wall -Wno-sign-compare -O3 -c Framework3DColocNormalize.cc -o Framework3DColocNormalize.o
g++ -I. -I/usr/include -I/usr/local/include   -Wall -Wno-sign-compare -O3 -c Utility.cc -o Utility.o
g++ -I. -I/usr/include -I/usr/local/include   -Wall -Wno-sign-compare -O3 -c Heatmap.cc -o Heatmap.o
g++ -I. -I/usr/include -I/usr/local/include   -Wall -Wno-sign-compare -O3 -c 3DColocTest.cc -o 3DColocTest.o
g++ -I. -I/usr/include -I/usr/local/include   -Wall -Wno-sign-compare -O3 -c Framework3DColocTest.cc -o Framework3DColocTest.o
g++ -I. -I/usr/include -I/usr/local/include   -Wall -Wno-sign-compare -O3 -c HypothesisTest.cc -o HypothesisTest.o
g++ -I. -I/usr/include -I/usr/local/include   -Wall -Wno-sign-compare -O3 -c Bed.cc -o Bed.o
g++ -I. -I/usr/include -I/usr/local/include   -Wall -Wno-sign-compare -O3 -c StatCalculator.cc -o StatCalculator.o
g++ -I. -I/usr/include -I/usr/local/include   -Wall -Wno-sign-compare -O3 -c 3DColocSearch.cc -o 3DColocSearch.o
g++ -I. -I/usr/include -I/usr/local/include   -Wall -Wno-sign-compare -O3 -c Framework3DColocSearch.cc -o Framework3DColocSearch.o
g++ -I. -I/usr/include -I/usr/local/include   -Wall -Wno-sign-compare -O3 -c 3DColocLook.cc -o 3DColocLook.o
g++ -I. -I/usr/include -I/usr/local/include   -Wall -Wno-sign-compare -O3 -c Framework3DColocLook.cc -o Framework3DColocLook.o
g++ -I. -I/usr/include -I/usr/local/include   -Wall -Wno-sign-compare -O3 -c 3DColocDiff.cc -o 3DColocDiff.o
g++ -I. -I/usr/include -I/usr/local/include   -Wall -Wno-sign-compare -O3 -c Framework3DColocDiff.cc -o Framework3DColocDiff.o
g++ -I. -I/usr/include -I/usr/local/include   -Wall -Wno-sign-compare -O3 -o 3DColocNormalize 3DColocNormalize.o Framework3DColocNormalize.o Utility.o Heatmap.o -L. -L/usr/lib -L/usr/local/lib  -lm -lboost_program_options -lboost_thread
/usr/bin/ld: skipping incompatible /usr/lib/libboost_program_options.so when searching for -lboost_program_options
/usr/bin/ld: skipping incompatible /usr/lib/libboost_program_options.a when searching for -lboost_program_options
/usr/bin/ld: skipping incompatible /usr/lib/libboost_thread.so when searching for -lboost_thread
/usr/bin/ld: skipping incompatible /usr/lib/libboost_thread.a when searching for -lboost_thread
/usr/bin/ld: skipping incompatible /usr/lib/libm.so when searching for -lm
/usr/bin/ld: skipping incompatible /usr/lib/libm.a when searching for -lm
/usr/bin/ld: skipping incompatible /usr/lib/libc.so when searching for -lc
/usr/bin/ld: skipping incompatible /usr/lib/libc.a when searching for -lc
g++ -I. -I/usr/include -I/usr/local/include   -Wall -Wno-sign-compare -O3 -o 3DColocTest 3DColocTest.o Framework3DColocTest.o Utility.o HypothesisTest.o Heatmap.o Bed.o StatCalculator.o -L. -L/usr/lib -L/usr/local/lib  -lm -lboost_program_options -lboost_thread
/usr/bin/ld: skipping incompatible /usr/lib/libboost_program_options.so when searching for -lboost_program_options
/usr/bin/ld: skipping incompatible /usr/lib/libboost_program_options.a when searching for -lboost_program_options
/usr/bin/ld: skipping incompatible /usr/lib/libboost_thread.so when searching for -lboost_thread
/usr/bin/ld: skipping incompatible /usr/lib/libboost_thread.a when searching for -lboost_thread
/usr/bin/ld: skipping incompatible /usr/lib/libm.so when searching for -lm
/usr/bin/ld: skipping incompatible /usr/lib/libm.a when searching for -lm
/usr/bin/ld: skipping incompatible /usr/lib/libc.so when searching for -lc
/usr/bin/ld: skipping incompatible /usr/lib/libc.a when searching for -lc
g++ -I. -I/usr/include -I/usr/local/include   -Wall -Wno-sign-compare -O3 -o 3DColocSearch 3DColocSearch.o Framework3DColocSearch.o Utility.o HypothesisTest.o Heatmap.o Bed.o StatCalculator.o -L. -L/usr/lib -L/usr/local/lib  -lm -lboost_program_options -lboost_thread
/usr/bin/ld: skipping incompatible /usr/lib/libboost_program_options.so when searching for -lboost_program_options
/usr/bin/ld: skipping incompatible /usr/lib/libboost_program_options.a when searching for -lboost_program_options
/usr/bin/ld: skipping incompatible /usr/lib/libboost_thread.so when searching for -lboost_thread
/usr/bin/ld: skipping incompatible /usr/lib/libboost_thread.a when searching for -lboost_thread
/usr/bin/ld: skipping incompatible /usr/lib/libm.so when searching for -lm
/usr/bin/ld: skipping incompatible /usr/lib/libm.a when searching for -lm
/usr/bin/ld: skipping incompatible /usr/lib/libc.so when searching for -lc
/usr/bin/ld: skipping incompatible /usr/lib/libc.a when searching for -lc
g++ -I. -I/usr/include -I/usr/local/include   -Wall -Wno-sign-compare -O3 -o 3DColocLook 3DColocLook.o Framework3DColocLook.o Utility.o HypothesisTest.o Heatmap.o Bed.o StatCalculator.o -L. -L/usr/lib -L/usr/local/lib  -lm -lboost_program_options -lboost_thread
/usr/bin/ld: skipping incompatible /usr/lib/libboost_program_options.so when searching for -lboost_program_options
/usr/bin/ld: skipping incompatible /usr/lib/libboost_program_options.a when searching for -lboost_program_options
/usr/bin/ld: skipping incompatible /usr/lib/libboost_thread.so when searching for -lboost_thread
/usr/bin/ld: skipping incompatible /usr/lib/libboost_thread.a when searching for -lboost_thread
/usr/bin/ld: skipping incompatible /usr/lib/libm.so when searching for -lm
/usr/bin/ld: skipping incompatible /usr/lib/libm.a when searching for -lm
/usr/bin/ld: skipping incompatible /usr/lib/libc.so when searching for -lc
/usr/bin/ld: skipping incompatible /usr/lib/libc.a when searching for -lc
g++ -I. -I/usr/include -I/usr/local/include   -Wall -Wno-sign-compare -O3 -o 3DColocDiff 3DColocDiff.o Framework3DColocDiff.o Utility.o Heatmap.o -L. -L/usr/lib -L/usr/local/lib  -lm -lboost_program_options -lboost_thread
/usr/bin/ld: skipping incompatible /usr/lib/libboost_program_options.so when searching for -lboost_program_options
/usr/bin/ld: skipping incompatible /usr/lib/libboost_program_options.a when searching for -lboost_program_options
/usr/bin/ld: skipping incompatible /usr/lib/libboost_thread.so when searching for -lboost_thread
/usr/bin/ld: skipping incompatible /usr/lib/libboost_thread.a when searching for -lboost_thread
/usr/bin/ld: skipping incompatible /usr/lib/libm.so when searching for -lm
/usr/bin/ld: skipping incompatible /usr/lib/libm.a when searching for -lm
/usr/bin/ld: skipping incompatible /usr/lib/libc.so when searching for -lc
/usr/bin/ld: skipping incompatible /usr/lib/libc.a when searching for -lc
